madCamp_week22/app/build/intermediates/manifest_merge_blame_file/debug/manifest-merger-blame-debug-report.txt
1<?xml version="1.0" encoding="utf-8"?>
2<manifest xmlns:android="http://schemas.android.com/apk/res/android"
3    package="com.example.madcamp_week2"
4    android:versionCode="1"
5    android:versionName="1.0" >
6
7    <uses-sdk
8        android:minSdkVersion="16"
8-->src\main\AndroidManifest.xml
9        android:targetSdkVersion="30" />
9-->src\main\AndroidManifest.xml
10
11    <uses-permission android:name="android.permission.INTERNET" />
11-->src\main\AndroidManifest.xml:4:5-66
11-->src\main\AndroidManifest.xml:4:22-64
12
13    <queries>
13-->src\main\AndroidManifest.xml:5:5-72
14        <package android:name="com.facebook.katana" />
14-->src\main\AndroidManifest.xml:5:15-61
14-->src\main\AndroidManifest.xml:5:24-58
15    </queries>
16
17    <application
17-->src\main\AndroidManifest.xml:6:5-35:19
18        android:allowBackup="true"
18-->src\main\AndroidManifest.xml:7:9-35
19        android:appComponentFactory="androidx.core.app.CoreComponentFactory"
19-->[androidx.core:core:1.3.1] AndroidManifest.xml:24:18-86
20        android:debuggable="true"
21        android:icon="@mipmap/ic_launcher"
21-->src\main\AndroidManifest.xml:8:9-43
22        android:label="@string/app_name"
22-->src\main\AndroidManifest.xml:9:9-41
23        android:roundIcon="@mipmap/ic_launcher_round"
23-->src\main\AndroidManifest.xml:10:9-54
24        android:supportsRtl="true"
24-->src\main\AndroidManifest.xml:11:9-35
25        android:testOnly="true"
26        android:theme="@style/Theme.MadCamp_week2" >
26-->src\main\AndroidManifest.xml:12:9-51
27        <meta-data
27-->src\main\AndroidManifest.xml:13:9-14:54
28            android:name="com.facebook.sdk.ApplicationId"
28-->src\main\AndroidManifest.xml:13:20-65
29            android:value="@string/facebook_app_id" />
29-->src\main\AndroidManifest.xml:14:13-52
30
31        <activity
31-->src\main\AndroidManifest.xml:15:9-17:48
32            android:name="com.facebook.FacebookActivity"
32-->src\main\AndroidManifest.xml:15:19-63
33            android:configChanges="keyboard|keyboardHidden|screenLayout|screenSize|orientation"
33-->src\main\AndroidManifest.xml:16:13-97
34            android:label="@string/app_name"
34-->src\main\AndroidManifest.xml:17:13-45
35            android:theme="@style/com_facebook_activity_theme" />
35-->[com.facebook.android:facebook-common:4.42.0] AndroidManifest.xml:32:13-63
36        <activity
36-->src\main\AndroidManifest.xml:18:9-26:20
37            android:name="com.facebook.CustomTabActivity"
37-->src\main\AndroidManifest.xml:18:19-64
38            android:exported="true" >
38-->src\main\AndroidManifest.xml:19:13-36
39            <intent-filter>
39-->src\main\AndroidManifest.xml:20:13-25:29
40                <action android:name="android.intent.action.VIEW" />
40-->src\main\AndroidManifest.xml:21:17-69
40-->src\main\AndroidManifest.xml:21:25-66
41
42                <category android:name="android.intent.category.DEFAULT" />
42-->src\main\AndroidManifest.xml:22:17-76
42-->src\main\AndroidManifest.xml:22:27-73
43                <category android:name="android.intent.category.BROWSABLE" />
43-->src\main\AndroidManifest.xml:23:17-78
43-->src\main\AndroidManifest.xml:23:27-75
44
45                <data android:scheme="@string/fb_login_protocol_scheme" />
45-->src\main\AndroidManifest.xml:24:17-75
45-->src\main\AndroidManifest.xml:24:23-72
46            </intent-filter>
47        </activity>
48        <activity android:name="com.example.madcamp_week2.serverConnect" />
48-->src\main\AndroidManifest.xml:27:9-50
48-->src\main\AndroidManifest.xml:27:19-48
49        <activity android:name="com.example.madcamp_week2.soJeong.MainActivity" >
49-->src\main\AndroidManifest.xml:28:9-34:20
49-->src\main\AndroidManifest.xml:28:19-55
50            <intent-filter>
50-->src\main\AndroidManifest.xml:29:13-33:29
51                <action android:name="android.intent.action.MAIN" />
51-->src\main\AndroidManifest.xml:30:17-69
51-->src\main\AndroidManifest.xml:30:25-66
52
53                <category android:name="android.intent.category.LAUNCHER" />
53-->src\main\AndroidManifest.xml:32:17-77
53-->src\main\AndroidManifest.xml:32:27-74
54            </intent-filter>
55        </activity>
56        <activity android:name="com.facebook.CustomTabMainActivity" />
56-->[com.facebook.android:facebook-common:4.42.0] AndroidManifest.xml:33:9-71
56-->[com.facebook.android:facebook-common:4.42.0] AndroidManifest.xml:33:19-68
57        <!--
58         The initialization ContentProvider will call FacebookSdk.sdkInitialize automatically
59         with the application context. This config is merged in with the host app's manifest,
60         but there can only be one provider with the same authority activated at any given
61         point; so if the end user has two or more different apps that use Facebook SDK, only the
62         first one will be able to use the provider. To work around this problem, we use the
63         following placeholder in the authority to identify each host application as if it was
64         a completely different provider.
65        -->
66        <provider
66-->[com.facebook.android:facebook-core:4.42.0] AndroidManifest.xml:39:9-42:40
67            android:name="com.facebook.internal.FacebookInitProvider"
67-->[com.facebook.android:facebook-core:4.42.0] AndroidManifest.xml:40:13-70
68            android:authorities="com.example.madcamp_week2.FacebookInitProvider"
68-->[com.facebook.android:facebook-core:4.42.0] AndroidManifest.xml:41:13-72
69            android:exported="false" />
69-->[com.facebook.android:facebook-core:4.42.0] AndroidManifest.xml:42:13-37
70
71        <receiver
71-->[com.facebook.android:facebook-core:4.42.0] AndroidManifest.xml:44:9-50:20
72            android:name="com.facebook.CurrentAccessTokenExpirationBroadcastReceiver"
72-->[com.facebook.android:facebook-core:4.42.0] AndroidManifest.xml:45:13-86
73            android:exported="false" >
73-->[com.facebook.android:facebook-core:4.42.0] AndroidManifest.xml:46:13-37
74            <intent-filter>
74-->[com.facebook.android:facebook-core:4.42.0] AndroidManifest.xml:47:13-49:29
75                <action android:name="com.facebook.sdk.ACTION_CURRENT_ACCESS_TOKEN_CHANGED" />
75-->[com.facebook.android:facebook-core:4.42.0] AndroidManifest.xml:48:17-95
75-->[com.facebook.android:facebook-core:4.42.0] AndroidManifest.xml:48:25-92
76            </intent-filter>
77        </receiver>
78    </application>
79
80</manifest>